\BOOKMARK [0][-]{chapter*.1}{\376\377\000A\000c\000k\000n\000o\000w\000l\000e\000d\000g\000e\000m\000e\000n\000t\000s}{}% 1
\BOOKMARK [0][-]{section*.2}{\376\377\000A\000b\000s\000t\000r\000a\000c\000t}{}% 2
\BOOKMARK [0][-]{section*.3}{\376\377\000C\000o\000n\000t\000e\000n\000t\000s}{}% 3
\BOOKMARK [0][-]{section*.4}{\376\377\000L\000i\000s\000t\000\040\000o\000f\000\040\000F\000i\000g\000u\000r\000e\000s}{}% 4
\BOOKMARK [0][-]{section*.5}{\376\377\000L\000i\000s\000t\000\040\000o\000f\000\040\000T\000a\000b\000l\000e\000s}{}% 5
\BOOKMARK [0][-]{section*.6}{\376\377\000A\000c\000r\000o\000n\000y\000m\000s}{}% 6
\BOOKMARK [0][-]{chapter.1}{\376\377\0001\000\040\000I\000n\000t\000r\000o\000d\000u\000c\000t\000i\000o\000n}{}% 7
\BOOKMARK [1][-]{section.1.1}{\376\377\0001\000.\0001\000\040\000M\000o\000t\000i\000v\000a\000t\000i\000o\000n}{chapter.1}% 8
\BOOKMARK [2][-]{subsection.1.1.1}{\376\377\0001\000.\0001\000.\0001\000\040\000A\000s\000t\000r\000o\000n\000o\000m\000y}{section.1.1}% 9
\BOOKMARK [2][-]{subsection.1.1.2}{\376\377\0001\000.\0001\000.\0002\000\040\000S\000e\000c\000u\000r\000i\000t\000y}{section.1.1}% 10
\BOOKMARK [1][-]{section.1.2}{\376\377\0001\000.\0002\000\040\000B\000o\000l\000o\000m\000e\000t\000r\000i\000c\000\040\000D\000e\000t\000e\000c\000t\000o\000r\000s}{chapter.1}% 11
\BOOKMARK [2][-]{subsection.1.2.1}{\376\377\0001\000.\0002\000.\0001\000\040\000T\000h\000e\000\040\000P\000r\000i\000n\000c\000i\000p\000l\000e\000\040\000o\000f\000\040\000a\000\040\000B\000o\000l\000o\000m\000e\000t\000e\000r}{section.1.2}% 12
\BOOKMARK [1][-]{section.1.3}{\376\377\0001\000.\0003\000\040\000T\000h\000e\000\040\000H\000i\000s\000t\000o\000r\000y\000\040\000o\000f\000\040\000C\000o\000l\000d\000-\000E\000l\000e\000c\000t\000r\000o\000n\000\040\000B\000o\000l\000o\000m\000e\000t\000e\000r\000\040\000D\000e\000v\000e\000l\000o\000p\000m\000e\000n\000t}{chapter.1}% 13
\BOOKMARK [1][-]{section.1.4}{\376\377\0001\000.\0004\000\040\000T\000h\000e\000\040\000A\000d\000v\000a\000n\000t\000a\000g\000e\000s\000\040\000\046\000\040\000D\000i\000s\000a\000d\000v\000a\000n\000t\000a\000g\000e\000s\000\040\000o\000f\000\040\000C\000o\000l\000d\000-\000E\000l\000e\000c\000t\000r\000o\000n\000\040\000B\000o\000l\000o\000m\000e\000t\000e\000r\000s}{chapter.1}% 14
\BOOKMARK [1][-]{section.1.5}{\376\377\0001\000.\0005\000\040\000T\000h\000e\000s\000i\000s\000\040\000S\000u\000m\000m\000a\000r\000y}{chapter.1}% 15
\BOOKMARK [0][-]{chapter.2}{\376\377\0002\000\040\000T\000h\000e\000\040\000T\000h\000e\000o\000r\000y\000\040\000o\000f\000\040\000C\000o\000l\000d\000-\000E\000l\000e\000c\000t\000r\000o\000n\000\040\000B\000o\000l\000o\000m\000e\000t\000e\000r\000s}{}% 16
\BOOKMARK [1][-]{section.2.1}{\376\377\0002\000.\0001\000\040\000I\000n\000t\000r\000o\000d\000u\000c\000t\000i\000o\000n}{chapter.2}% 17
\BOOKMARK [1][-]{section.2.2}{\376\377\0002\000.\0002\000\040\000T\000u\000n\000n\000e\000l\000l\000i\000n\000g\000\040\000B\000a\000r\000r\000i\000e\000r\000s}{chapter.2}% 18
\BOOKMARK [2][-]{subsection.2.2.1}{\376\377\0002\000.\0002\000.\0001\000\040\000F\000o\000r\000m\000a\000t\000i\000o\000n\000\040\000o\000f\000\040\000I\000n\000s\000u\000l\000a\000t\000i\000n\000g\000\040\000L\000a\000y\000e\000r\000s}{section.2.2}% 19
\BOOKMARK [1][-]{section.2.3}{\376\377\0002\000.\0003\000\040\000T\000h\000e\000\040\000T\000u\000n\000n\000e\000l\000l\000i\000n\000g\000\040\000C\000u\000r\000r\000e\000n\000t}{chapter.2}% 20
\BOOKMARK [1][-]{section.2.4}{\376\377\0002\000.\0004\000\040\000T\000h\000e\000\040\000C\000o\000o\000l\000i\000n\000g\000\040\000P\000o\000w\000e\000r}{chapter.2}% 21
\BOOKMARK [1][-]{section.2.5}{\376\377\0002\000.\0005\000\040\000E\000l\000e\000c\000t\000r\000o\000n\000-\000P\000h\000o\000n\000o\000n\000\040\000I\000n\000t\000e\000r\000a\000c\000t\000i\000o\000n\000s}{chapter.2}% 22
\BOOKMARK [1][-]{section.2.6}{\376\377\0002\000.\0006\000\040\000T\000h\000e\000\040\000R\000e\000s\000p\000o\000n\000s\000i\000v\000i\000t\000y}{chapter.2}% 23
\BOOKMARK [1][-]{section.2.7}{\376\377\0002\000.\0007\000\040\000T\000h\000e\000\040\000S\000o\000u\000r\000c\000e\000s\000\040\000o\000f\000\040\000E\000l\000e\000c\000t\000r\000i\000c\000a\000l\000\040\000N\000o\000i\000s\000e}{chapter.2}% 24
\BOOKMARK [1][-]{section.2.8}{\376\377\0002\000.\0008\000\040\000T\000h\000e\000\040\000N\000o\000i\000s\000e\000-\000E\000q\000u\000i\000v\000a\000l\000e\000n\000t\000\040\000P\000o\000w\000e\000r}{chapter.2}% 25
\BOOKMARK [2][-]{subsection.2.8.1}{\376\377\0002\000.\0008\000.\0001\000\040\000P\000h\000o\000t\000o\000n\000\040\000N\000o\000i\000s\000e}{section.2.8}% 26
\BOOKMARK [0][-]{chapter.3}{\376\377\0003\000\040\000T\000h\000e\000\040\000P\000r\000o\000p\000e\000r\000t\000i\000e\000s\000\040\000o\000f\000\040\000D\000o\000p\000e\000d\000\040\000a\000n\000d\000\040\000S\000t\000r\000a\000i\000n\000e\000d\000\040\000S\000i\000l\000i\000c\000o\000n}{}% 27
\BOOKMARK [1][-]{section.3.1}{\376\377\0003\000.\0001\000\040\000I\000n\000t\000r\000o\000d\000u\000c\000t\000i\000o\000n}{chapter.3}% 28
\BOOKMARK [1][-]{section.3.2}{\376\377\0003\000.\0002\000\040\000I\000n\000t\000r\000i\000n\000s\000i\000c\000\040\000S\000e\000m\000i\000c\000o\000n\000d\000u\000c\000t\000o\000r\000s}{chapter.3}% 29
\BOOKMARK [1][-]{section.3.3}{\376\377\0003\000.\0003\000\040\000D\000o\000p\000e\000d\000\040\000S\000e\000m\000i\000c\000o\000n\000d\000u\000c\000t\000o\000r\000s}{chapter.3}% 30
\BOOKMARK [1][-]{section.3.4}{\376\377\0003\000.\0004\000\040\000C\000a\000r\000r\000i\000e\000r\000\040\000M\000o\000b\000i\000l\000i\000t\000y}{chapter.3}% 31
\BOOKMARK [1][-]{section.3.5}{\376\377\0003\000.\0005\000\040\000S\000t\000r\000a\000i\000n\000e\000d\000\040\000S\000e\000m\000i\000c\000o\000n\000d\000u\000c\000t\000o\000r\000s}{chapter.3}% 32
\BOOKMARK [0][-]{chapter.4}{\376\377\0004\000\040\000D\000e\000t\000e\000c\000t\000o\000r\000\040\000D\000e\000s\000i\000g\000n\000\040\000\046\000\040\000F\000a\000b\000r\000i\000c\000a\000t\000i\000o\000n}{}% 33
\BOOKMARK [1][-]{section.4.1}{\376\377\0004\000.\0001\000\040\000I\000n\000t\000r\000o\000d\000u\000c\000t\000i\000o\000n}{chapter.4}% 34
\BOOKMARK [1][-]{section.4.2}{\376\377\0004\000.\0002\000\040\000D\000e\000t\000e\000c\000t\000o\000r\000\040\000D\000e\000s\000i\000g\000n}{chapter.4}% 35
\BOOKMARK [2][-]{subsection.4.2.1}{\376\377\0004\000.\0002\000.\0001\000\040\000A\000n\000t\000e\000n\000n\000a\000\040\000D\000e\000s\000i\000g\000n}{section.4.2}% 36
\BOOKMARK [1][-]{section.4.3}{\376\377\0004\000.\0003\000\040\000D\000e\000t\000e\000c\000t\000o\000r\000\040\000F\000a\000b\000r\000i\000c\000a\000t\000i\000o\000n}{chapter.4}% 37
\BOOKMARK [1][-]{section.4.4}{\376\377\0004\000.\0004\000\040\000M\000a\000t\000e\000r\000i\000a\000l\000\040\000P\000r\000o\000p\000e\000r\000t\000i\000e\000s}{chapter.4}% 38
\BOOKMARK [0][-]{chapter.5}{\376\377\0005\000\040\000C\000r\000y\000o\000g\000e\000n\000i\000c\000\040\000T\000e\000s\000t\000b\000e\000d\000s}{}% 39
\BOOKMARK [1][-]{section.5.1}{\376\377\0005\000.\0001\000\040\000I\000n\000t\000r\000o\000d\000u\000c\000t\000i\000o\000n}{chapter.5}% 40
\BOOKMARK [1][-]{section.5.2}{\376\377\0005\000.\0002\000\040\000S\000o\000r\000p\000t\000i\000o\000n\000\040\000R\000e\000f\000r\000i\000g\000e\000r\000a\000t\000o\000r\000s}{chapter.5}% 41
\BOOKMARK [1][-]{section.5.3}{\376\377\0005\000.\0003\000\040\000S\000y\000s\000t\000e\000m\000s\000\040\000U\000s\000e\000d\000\040\000i\000n\000\040\000T\000h\000i\000s\000\040\000W\000o\000r\000k}{chapter.5}% 42
\BOOKMARK [2][-]{subsection.5.3.1}{\376\377\0005\000.\0003\000.\0001\000\040\000P\000u\000l\000s\000e\000-\000T\000u\000b\000e\000-\000C\000o\000o\000l\000e\000d\000\040\000C\000r\000y\000o\000s\000t\000a\000t\000\040\000w\000i\000t\000h\000\040\000H\000e\0001\0000\000\040\000S\000o\000r\000p\000t\000i\000o\000n\000\040\000R\000e\000f\000r\000i\000g\000e\000r\000a\000t\000o\000r}{section.5.3}% 43
\BOOKMARK [2][-]{subsection.5.3.2}{\376\377\0005\000.\0003\000.\0002\000\040\000L\000i\000q\000u\000i\000d\000\040\000H\000e\000l\000i\000u\000m\000\040\000C\000r\000y\000o\000s\000t\000a\000t\000\040\000w\000i\000t\000h\000\040\000H\000e\0007\000\040\000S\000o\000r\000p\000t\000i\000o\000n\000\040\000R\000e\000f\000r\000i\000g\000e\000r\000a\000t\000o\000r}{section.5.3}% 44
\BOOKMARK [1][-]{section.5.4}{\376\377\0005\000.\0004\000\040\000D\000e\000t\000e\000c\000t\000o\000r\000\040\000H\000o\000l\000d\000e\000r}{chapter.5}% 45
\BOOKMARK [0][-]{chapter.6}{\376\377\0006\000\040\000D\000e\000t\000e\000c\000t\000o\000r\000\040\000R\000e\000a\000d\000o\000u\000t}{}% 46
\BOOKMARK [1][-]{section.6.1}{\376\377\0006\000.\0001\000\040\000I\000n\000t\000r\000o\000d\000u\000c\000t\000i\000o\000n}{chapter.6}% 47
\BOOKMARK [1][-]{section.6.2}{\376\377\0006\000.\0002\000\040\000R\000e\000q\000u\000i\000r\000e\000m\000e\000n\000t\000s\000\040\000o\000f\000\040\000t\000h\000e\000\040\000R\000e\000a\000d\000o\000u\000t\000\040\000S\000y\000s\000t\000e\000m}{chapter.6}% 48
\BOOKMARK [1][-]{section.6.3}{\376\377\0006\000.\0003\000\040\000I\000n\000i\000t\000i\000a\000l\000\040\000T\000e\000s\000t\000i\000n\000g\000\040\000S\000y\000s\000t\000e\000m}{chapter.6}% 49
\BOOKMARK [2][-]{subsection.6.3.1}{\376\377\0006\000.\0003\000.\0001\000\040\000I\000n\000i\000t\000i\000a\000l\000\040\000R\000e\000a\000d\000o\000u\000t\000\040\000S\000y\000s\000t\000e\000m}{section.6.3}% 50
\BOOKMARK [2][-]{subsection.6.3.2}{\376\377\0006\000.\0003\000.\0002\000\040\000I\000n\000i\000t\000i\000a\000l\000\040\000B\000i\000a\000s\000\040\000S\000y\000s\000t\000e\000m}{section.6.3}% 51
\BOOKMARK [1][-]{section.6.4}{\376\377\0006\000.\0004\000\040\000R\000e\000v\000i\000s\000i\000o\000n\000s\000\040\000t\000o\000\040\000t\000h\000e\000\040\000I\000n\000i\000t\000i\000a\000l\000\040\000B\000i\000a\000s\000\040\000S\000y\000s\000t\000e\000m}{chapter.6}% 52
\BOOKMARK [2][-]{subsection.6.4.1}{\376\377\0006\000.\0004\000.\0001\000\040\000C\000h\000a\000n\000g\000e\000s\000\040\000M\000a\000d\000e\000\040\000a\000n\000d\000\040\000A\000d\000v\000a\000n\000t\000a\000g\000e\000s}{section.6.4}% 53
\BOOKMARK [2][-]{subsection.6.4.2}{\376\377\0006\000.\0004\000.\0002\000\040\000P\000e\000r\000f\000o\000r\000m\000a\000n\000c\000e\000\040\000o\000f\000\040\000t\000h\000e\000\040\000U\000p\000d\000a\000t\000e\000d\000\040\000B\000i\000a\000s\000\040\000S\000y\000s\000t\000e\000m}{section.6.4}% 54
\BOOKMARK [1][-]{section.6.5}{\376\377\0006\000.\0005\000\040\000F\000i\000n\000a\000l\000\040\000T\000e\000s\000t\000i\000n\000g\000\040\000S\000y\000s\000t\000e\000m}{chapter.6}% 55
\BOOKMARK [2][-]{subsection.6.5.1}{\376\377\0006\000.\0005\000.\0001\000\040\000R\000e\000a\000s\000o\000n\000\040\000f\000o\000r\000\040\000R\000e\000p\000l\000a\000c\000e\000m\000e\000n\000t}{section.6.5}% 56
\BOOKMARK [2][-]{subsection.6.5.2}{\376\377\0006\000.\0005\000.\0002\000\040\000F\000i\000n\000a\000l\000\040\000R\000e\000a\000d\000o\000u\000t\000\040\000S\000y\000s\000t\000e\000m}{section.6.5}% 57
\BOOKMARK [2][-]{subsection.6.5.3}{\376\377\0006\000.\0005\000.\0003\000\040\000F\000i\000n\000a\000l\000\040\000B\000i\000a\000s\000\040\000S\000y\000s\000t\000e\000m}{section.6.5}% 58
\BOOKMARK [1][-]{section.6.6}{\376\377\0006\000.\0006\000\040\000C\000r\000o\000s\000s\000-\000C\000o\000r\000r\000e\000l\000a\000t\000e\000d\000\040\000N\000o\000i\000s\000e\000\040\000M\000e\000a\000s\000u\000r\000e\000m\000e\000n\000t}{chapter.6}% 59
\BOOKMARK [2][-]{subsection.6.6.1}{\376\377\0006\000.\0006\000.\0001\000\040\000C\000o\000n\000v\000o\000l\000u\000t\000i\000o\000n}{section.6.6}% 60
\BOOKMARK [2][-]{subsection.6.6.2}{\376\377\0006\000.\0006\000.\0002\000\040\000C\000r\000o\000s\000s\000\040\000C\000o\000r\000r\000e\000l\000a\000t\000i\000o\000n}{section.6.6}% 61
\BOOKMARK [2][-]{subsection.6.6.3}{\376\377\0006\000.\0006\000.\0003\000\040\000A\000p\000p\000l\000i\000c\000a\000t\000i\000o\000n\000\040\000o\000f\000\040\000C\000r\000o\000s\000s\000\040\000C\000o\000r\000r\000e\000l\000a\000t\000i\000o\000n\000\040\000t\000o\000\040\000D\000e\000t\000e\000c\000t\000o\000r\000\040\000R\000e\000a\000d\000o\000u\000t}{section.6.6}% 62
\BOOKMARK [1][-]{section.6.7}{\376\377\0006\000.\0007\000\040\000S\000u\000m\000m\000a\000r\000y\000\040\000o\000f\000\040\000R\000e\000a\000d\000o\000u\000t\000\040\000a\000n\000d\000\040\000B\000i\000a\000s\000i\000n\000g\000\040\000S\000y\000s\000t\000e\000m\000s}{chapter.6}% 63
\BOOKMARK [0][-]{chapter.7}{\376\377\0007\000\040\000R\000e\000s\000u\000l\000t\000s\000:\000\040\000D\000a\000r\000k\000\040\000M\000e\000a\000s\000u\000r\000e\000m\000e\000n\000t\000s}{}% 64
\BOOKMARK [1][-]{section.7.1}{\376\377\0007\000.\0001\000\040\000I\000n\000t\000r\000o\000d\000u\000c\000t\000i\000o\000n}{chapter.7}% 65
\BOOKMARK [1][-]{section.7.2}{\376\377\0007\000.\0002\000\040\000U\000n\000s\000t\000r\000a\000i\000n\000e\000d\000\040\000S\000i\000l\000i\000c\000o\000n}{chapter.7}% 66
\BOOKMARK [1][-]{section.7.3}{\376\377\0007\000.\0003\000\040\000S\000t\000r\000a\000i\000n\000e\000d\000\040\000S\000i\000l\000i\000c\000o\000n}{chapter.7}% 67
\BOOKMARK [1][-]{section.7.4}{\376\377\0007\000.\0004\000\040\000C\000o\000m\000p\000a\000r\000i\000s\000o\000n\000\040\000o\000f\000\040\000U\000n\000s\000t\000r\000a\000i\000n\000e\000d\000\040\000\046\000\040\000S\000t\000r\000a\000i\000n\000e\000d\000\040\000D\000e\000t\000e\000c\000t\000o\000r\000s}{chapter.7}% 68
\BOOKMARK [0][-]{chapter.8}{\376\377\0008\000\040\000R\000e\000s\000u\000l\000t\000s\000:\000\040\000O\000p\000t\000i\000c\000a\000l\000\040\000M\000e\000a\000s\000u\000r\000e\000m\000e\000n\000t\000s}{}% 69
\BOOKMARK [1][-]{section.8.1}{\376\377\0008\000.\0001\000\040\000I\000n\000t\000r\000o\000d\000u\000c\000t\000i\000o\000n}{chapter.8}% 70
\BOOKMARK [1][-]{section.8.2}{\376\377\0008\000.\0002\000\040\000U\000n\000s\000t\000r\000a\000i\000n\000e\000d\000\040\000S\000i\000l\000i\000c\000o\000n}{chapter.8}% 71
\BOOKMARK [2][-]{subsection.8.2.1}{\376\377\0008\000.\0002\000.\0001\000\040\000C\000u\000r\000r\000e\000n\000t\000-\000V\000o\000l\000t\000a\000g\000e\000\040\000M\000e\000a\000s\000u\000r\000e\000m\000e\000n\000t\000s}{section.8.2}% 72
\BOOKMARK [2][-]{subsection.8.2.2}{\376\377\0008\000.\0002\000.\0002\000\040\000R\000e\000s\000p\000o\000n\000s\000i\000v\000i\000t\000y}{section.8.2}% 73
\BOOKMARK [2][-]{subsection.8.2.3}{\376\377\0008\000.\0002\000.\0003\000\040\000N\000o\000i\000s\000e\000\040\000M\000e\000a\000s\000u\000r\000e\000m\000e\000n\000t\000s}{section.8.2}% 74
\BOOKMARK [2][-]{subsection.8.2.4}{\376\377\0008\000.\0002\000.\0004\000\040\000S\000p\000e\000c\000t\000r\000a\000l\000\040\000R\000e\000s\000p\000o\000n\000s\000e}{section.8.2}% 75
\BOOKMARK [1][-]{section.8.3}{\376\377\0008\000.\0003\000\040\000S\000t\000r\000a\000i\000n\000e\000d\000\040\000S\000i\000l\000i\000c\000o\000n}{chapter.8}% 76
\BOOKMARK [2][-]{subsection.8.3.1}{\376\377\0008\000.\0003\000.\0001\000\040\000C\000u\000r\000r\000e\000n\000t\000-\000V\000o\000l\000t\000a\000g\000e\000\040\000M\000e\000a\000s\000u\000r\000e\000m\000e\000n\000t\000s}{section.8.3}% 77
\BOOKMARK [2][-]{subsection.8.3.2}{\376\377\0008\000.\0003\000.\0002\000\040\000R\000e\000s\000p\000o\000n\000s\000i\000v\000i\000t\000y}{section.8.3}% 78
\BOOKMARK [2][-]{subsection.8.3.3}{\376\377\0008\000.\0003\000.\0003\000\040\000N\000o\000i\000s\000e\000\040\000M\000e\000a\000s\000u\000r\000e\000m\000e\000n\000t\000s}{section.8.3}% 79
\BOOKMARK [2][-]{subsection.8.3.4}{\376\377\0008\000.\0003\000.\0004\000\040\000S\000p\000e\000c\000t\000r\000a\000l\000\040\000R\000e\000s\000p\000o\000n\000s\000e}{section.8.3}% 80
\BOOKMARK [2][-]{subsection.8.3.5}{\376\377\0008\000.\0003\000.\0005\000\040\000C\000h\000o\000p\000p\000e\000d\000-\000S\000o\000u\000r\000c\000e\000\040\000M\000e\000a\000s\000u\000r\000e\000m\000e\000n\000t\000s}{section.8.3}% 81
\BOOKMARK [1][-]{section.8.4}{\376\377\0008\000.\0004\000\040\000D\000e\000t\000a\000i\000l\000e\000d\000\040\000A\000n\000t\000e\000n\000n\000a\000\040\000S\000i\000m\000u\000l\000a\000t\000i\000o\000n\000s}{chapter.8}% 82
\BOOKMARK [2][-]{subsection.8.4.1}{\376\377\0008\000.\0004\000.\0001\000\040\000B\000a\000s\000i\000c\000\040\000M\000o\000d\000e\000l\000:\000\040\000L\000u\000m\000p\000e\000d\000\040\000P\000o\000r\000t\000,\000\040\000I\000n\000f\000i\000n\000i\000t\000e\000\040\000S\000i\000l\000i\000c\000o\000n}{section.8.4}% 83
\BOOKMARK [2][-]{subsection.8.4.2}{\376\377\0008\000.\0004\000.\0002\000\040\000M\000o\000d\000e\000l\000l\000i\000n\000g\000\040\000t\000h\000e\000\040\000A\000n\000t\000e\000n\000n\000a\000\040\000a\000n\000d\000\040\000L\000e\000n\000s}{section.8.4}% 84
\BOOKMARK [2][-]{subsection.8.4.3}{\376\377\0008\000.\0004\000.\0003\000\040\000P\000o\000l\000a\000r\000i\000s\000a\000t\000i\000o\000n\000\040\000M\000o\000d\000e\000l\000\040\000u\000s\000i\000n\000g\000\040\000W\000a\000v\000e\000\040\000P\000o\000r\000t}{section.8.4}% 85
\BOOKMARK [2][-]{subsection.8.4.4}{\376\377\0008\000.\0004\000.\0004\000\040\000I\000n\000t\000r\000o\000d\000u\000c\000t\000i\000o\000n\000\040\000o\000f\000\040\000D\000C\000\040\000C\000u\000t\000s}{section.8.4}% 86
\BOOKMARK [2][-]{subsection.8.4.5}{\376\377\0008\000.\0004\000.\0005\000\040\000A\000l\000l\000o\000w\000i\000n\000g\000\040\000f\000o\000r\000\040\000L\000o\000s\000s\000\040\000i\000n\000\040\000t\000h\000e\000\040\000A\000l\000u\000m\000i\000n\000i\000u\000m}{section.8.4}% 87
\BOOKMARK [2][-]{subsection.8.4.6}{\376\377\0008\000.\0004\000.\0006\000\040\000S\000u\000m\000m\000a\000r\000y\000\040\000o\000f\000\040\000F\000i\000n\000d\000i\000n\000g\000s}{section.8.4}% 88
\BOOKMARK [1][-]{section.8.5}{\376\377\0008\000.\0005\000\040\000S\000p\000e\000c\000t\000r\000a\000l\000\040\000S\000t\000u\000d\000y\000\040\000o\000f\000\040\000S\000i\000l\000i\000c\000o\000n\000\040\000M\000a\000t\000e\000r\000i\000a\000l}{chapter.8}% 89
\BOOKMARK [1][-]{section.8.6}{\376\377\0008\000.\0006\000\040\000S\000u\000m\000m\000a\000r\000y\000\040\000o\000f\000\040\000D\000e\000t\000e\000c\000t\000o\000r\000\040\000P\000e\000r\000f\000o\000r\000m\000a\000n\000c\000e}{chapter.8}% 90
\BOOKMARK [0][-]{chapter.9}{\376\377\0009\000\040\000C\000o\000n\000c\000l\000u\000s\000i\000o\000n\000s}{}% 91
\BOOKMARK [0][-]{section*.37}{\376\377\000B\000i\000b\000l\000i\000o\000g\000r\000a\000p\000h\000y}{}% 92
